Notifying browser that CSS file changed: public/css/stylesheet.css
Notifying browser that CSS file changed: public/css/stylesheet.css
Notifying browser that CSS file changed: public/css/stylesheet.css
Notifying browser that CSS file changed: public/css/stylesheet.css
Notifying browser that CSS file changed: public/css/stylesheet.css
Notifying browser that CSS file changed: public/css/stylesheet.css
Notifying browser that CSS file changed: public/css/stylesheet.css
Notifying browser that CSS file changed: public/css/stylesheet.css
Notifying browser that CSS file changed: public/css/stylesheet.css
Compiling build :app to "public/js/app.js" from ["src/cljs" "env/dev/cljs"]...
[32mSuccessfully compiled build :app to "public/js/app.js" in 0.464 seconds.[0m
notifying browser that file changed:  public/js/out/goog/deps.js
notifying browser that file changed:  public/js/out/cljs_deps.js
notifying browser that file changed:  public/js/out/foood/core.js
Compiling build :app to "public/js/app.js" from ["src/cljs" "env/dev/cljs"]...
[32mSuccessfully compiled build :app to "public/js/app.js" in 0.439 seconds.[0m
notifying browser that file changed:  public/js/out/foood/core.js
Compiling build :app to "public/js/app.js" from ["src/cljs" "env/dev/cljs"]...
[32mSuccessfully compiled build :app to "public/js/app.js" in 0.42 seconds.[0m
notifying browser that file changed:  public/js/out/foood/core.js
Compiling build :app to "public/js/app.js" from ["src/cljs" "env/dev/cljs"]...
[32mSuccessfully compiled build :app to "public/js/app.js" in 0.869 seconds.[0m
notifying browser that file changed:  public/js/out/goog/deps.js
notifying browser that file changed:  public/js/out/cljs_deps.js
notifying browser that file changed:  public/js/out/foood/core.js
Compiling build :app to "public/js/app.js" from ["src/cljs" "env/dev/cljs"]...
[32mSuccessfully compiled build :app to "public/js/app.js" in 0.462 seconds.[0m
notifying browser that file changed:  public/js/out/foood/core.js
Compiling build :app to "public/js/app.js" from ["src/cljs" "env/dev/cljs"]...
[32mSuccessfully compiled build :app to "public/js/app.js" in 0.433 seconds.[0m
notifying browser that file changed:  public/js/out/foood/core.js
Notifying browser that CSS file changed: public/css/stylesheet.css
Notifying browser that CSS file changed: public/css/stylesheet.css
Notifying browser that CSS file changed: public/css/stylesheet.css
Notifying browser that CSS file changed: public/css/stylesheet.css
Notifying browser that CSS file changed: public/css/stylesheet.css
Notifying browser that CSS file changed: public/css/stylesheet.css
Notifying browser that CSS file changed: public/css/stylesheet.css
Notifying browser that CSS file changed: public/css/stylesheet.css
Notifying browser that CSS file changed: public/css/stylesheet.css
Notifying browser that CSS file changed: public/css/stylesheet.css
Notifying browser that CSS file changed: public/css/stylesheet.css
Notifying browser that CSS file changed: public/css/stylesheet.css
Notifying browser that CSS file changed: public/css/stylesheet.css
Notifying browser that CSS file changed: public/css/stylesheet.css
Notifying browser that CSS file changed: public/css/stylesheet.css
Notifying browser that CSS file changed: public/css/stylesheet.css
Notifying browser that CSS file changed: public/css/stylesheet.css
Notifying browser that CSS file changed: public/css/stylesheet.css
Compiling build :app to "public/js/app.js" from ["src/cljs" "env/dev/cljs"]...
[32mSuccessfully compiled build :app to "public/js/app.js" in 0.875 seconds.[0m
notifying browser that file changed:  public/js/out/goog/deps.js
notifying browser that file changed:  public/js/out/cljs_deps.js
notifying browser that file changed:  public/js/out/foood/core.js
Compiling build :app to "public/js/app.js" from ["src/cljs" "env/dev/cljs"]...
[32mSuccessfully compiled build :app to "public/js/app.js" in 0.462 seconds.[0m
notifying browser that file changed:  public/js/out/foood/core.js
Compiling build :app to "public/js/app.js" from ["src/cljs" "env/dev/cljs"]...
[32mSuccessfully compiled build :app to "public/js/app.js" in 0.421 seconds.[0m
notifying browser that file changed:  public/js/out/foood/core.js
Compiling build :app to "public/js/app.js" from ["src/cljs" "env/dev/cljs"]...
[32mSuccessfully compiled build :app to "public/js/app.js" in 0.437 seconds.[0m
notifying browser that file changed:  public/js/out/foood/core.js
Notifying browser that CSS file changed: public/css/stylesheet.css
Notifying browser that CSS file changed: public/css/stylesheet.css
Notifying browser that CSS file changed: public/css/stylesheet.css
Notifying browser that CSS file changed: public/css/stylesheet.css
Notifying browser that CSS file changed: public/css/stylesheet.css
Notifying browser that CSS file changed: public/css/stylesheet.css
Notifying browser that CSS file changed: public/css/stylesheet.css
Notifying browser that CSS file changed: public/css/stylesheet.css
Notifying browser that CSS file changed: public/css/stylesheet.css
Notifying browser that CSS file changed: public/css/stylesheet.css
Notifying browser that CSS file changed: public/css/stylesheet.css
Notifying browser that CSS file changed: public/css/stylesheet.css
Notifying browser that CSS file changed: public/css/stylesheet.css
Notifying browser that CSS file changed: public/css/stylesheet.css
Notifying browser that CSS file changed: public/css/stylesheet.css
Notifying browser that CSS file changed: public/css/stylesheet.css
Notifying browser that CSS file changed: public/css/stylesheet.css
Notifying browser that CSS file changed: public/css/stylesheet.css
Compiling build :app to "public/js/app.js" from ["src/cljs" "env/dev/cljs"]...
[32mSuccessfully compiled build :app to "public/js/app.js" in 0.412 seconds.[0m
notifying browser that file changed:  public/js/out/foood/core.js
Compiling build :app to "public/js/app.js" from ["src/cljs" "env/dev/cljs"]...
[32mSuccessfully compiled build :app to "public/js/app.js" in 0.4 seconds.[0m
notifying browser that file changed:  public/js/out/foood/core.js
Notifying browser that CSS file changed: public/css/stylesheet.css
Notifying browser that CSS file changed: public/css/stylesheet.css
Notifying browser that CSS file changed: public/css/stylesheet.css
Notifying browser that CSS file changed: public/css/stylesheet.css
Notifying browser that CSS file changed: public/css/stylesheet.css
Notifying browser that CSS file changed: public/css/stylesheet.css
Compiling build :app to "public/js/app.js" from ["src/cljs" "env/dev/cljs"]...
[32mSuccessfully compiled build :app to "public/js/app.js" in 0.426 seconds.[0m
notifying browser that file changed:  public/js/out/foood/core.js
Notifying browser that CSS file changed: public/css/stylesheet.css
Notifying browser that CSS file changed: public/css/stylesheet.css
Notifying browser that CSS file changed: public/css/stylesheet.css
Notifying browser that CSS file changed: public/css/stylesheet.css
Notifying browser that CSS file changed: public/css/stylesheet.css
Notifying browser that CSS file changed: public/css/stylesheet.css
Notifying browser that CSS file changed: public/css/stylesheet.css
Notifying browser that CSS file changed: public/css/stylesheet.css
Notifying browser that CSS file changed: public/css/stylesheet.css
Notifying browser that CSS file changed: public/css/stylesheet.css
Notifying browser that CSS file changed: public/css/stylesheet.css
Notifying browser that CSS file changed: public/css/stylesheet.css
Notifying browser that CSS file changed: public/css/stylesheet.css
Notifying browser that CSS file changed: public/css/stylesheet.css
Notifying browser that CSS file changed: public/css/stylesheet.css
Notifying browser that CSS file changed: public/css/stylesheet.css
Notifying browser that CSS file changed: public/css/stylesheet.css
Notifying browser that CSS file changed: public/css/stylesheet.css
Notifying browser that CSS file changed: public/css/stylesheet.css
Notifying browser that CSS file changed: public/css/stylesheet.css
Notifying browser that CSS file changed: public/css/stylesheet.css
Notifying browser that CSS file changed: public/css/stylesheet.css
Notifying browser that CSS file changed: public/css/stylesheet.css
Notifying browser that CSS file changed: public/css/stylesheet.css
Notifying browser that CSS file changed: public/css/stylesheet.css
Notifying browser that CSS file changed: public/css/stylesheet.css
Notifying browser that CSS file changed: public/css/stylesheet.css
Notifying browser that CSS file changed: public/css/stylesheet.css
Notifying browser that CSS file changed: public/css/stylesheet.css
Notifying browser that CSS file changed: public/css/stylesheet.css
Notifying browser that CSS file changed: public/css/stylesheet.css
Notifying browser that CSS file changed: public/css/stylesheet.css
Notifying browser that CSS file changed: public/css/stylesheet.css
Notifying browser that CSS file changed: public/css/stylesheet.css
Notifying browser that CSS file changed: public/css/stylesheet.css
Notifying browser that CSS file changed: public/css/stylesheet.css
Notifying browser that CSS file changed: public/css/stylesheet.css
Notifying browser that CSS file changed: public/css/stylesheet.css
Notifying browser that CSS file changed: public/css/stylesheet.css
Notifying browser that CSS file changed: public/css/stylesheet.css
Notifying browser that CSS file changed: public/css/stylesheet.css
Notifying browser that CSS file changed: public/css/stylesheet.css
Notifying browser that CSS file changed: public/css/stylesheet.css
Notifying browser that CSS file changed: public/css/stylesheet.css
Notifying browser that CSS file changed: public/css/stylesheet.css
Notifying browser that CSS file changed: public/css/stylesheet.css
Notifying browser that CSS file changed: public/css/stylesheet.css
Compiling build :app to "public/js/app.js" from ["src/cljs" "env/dev/cljs"]...
[32mSuccessfully compiled build :app to "public/js/app.js" in 0.423 seconds.[0m
notifying browser that file changed:  public/js/out/foood/core.js
Compiling build :app to "public/js/app.js" from ["src/cljs" "env/dev/cljs"]...
[32mSuccessfully compiled build :app to "public/js/app.js" in 0.401 seconds.[0m
notifying browser that file changed:  public/js/out/foood/core.js
Compiling build :app to "public/js/app.js" from ["src/cljs" "env/dev/cljs"]...
[32mSuccessfully compiled build :app to "public/js/app.js" in 0.418 seconds.[0m
notifying browser that file changed:  public/js/out/foood/core.js
Compiling build :app to "public/js/app.js" from ["src/cljs" "env/dev/cljs"]...
[32mSuccessfully compiled build :app to "public/js/app.js" in 0.414 seconds.[0m
notifying browser that file changed:  public/js/out/foood/core.js
Notifying browser that CSS file changed: public/css/stylesheet.css
Notifying browser that CSS file changed: public/css/stylesheet.css
Notifying browser that CSS file changed: public/css/stylesheet.css
Notifying browser that CSS file changed: public/css/stylesheet.css
Notifying browser that CSS file changed: public/css/stylesheet.css
Notifying browser that CSS file changed: public/css/stylesheet.css
Notifying browser that CSS file changed: public/css/stylesheet.css
Notifying browser that CSS file changed: public/css/stylesheet.css
Notifying browser that CSS file changed: public/css/stylesheet.css
Notifying browser that CSS file changed: public/css/stylesheet.css
Notifying browser that CSS file changed: public/css/stylesheet.css
Notifying browser that CSS file changed: public/css/stylesheet.css
Notifying browser that CSS file changed: public/css/stylesheet.css
Notifying browser that CSS file changed: public/css/stylesheet.css
Notifying browser that CSS file changed: public/css/stylesheet.css
Notifying browser that CSS file changed: public/css/stylesheet.css
Notifying browser that CSS file changed: public/css/stylesheet.css
Notifying browser that CSS file changed: public/css/stylesheet.css
Notifying browser that CSS file changed: public/css/stylesheet.css
Notifying browser that CSS file changed: public/css/stylesheet.css
Notifying browser that CSS file changed: public/css/stylesheet.css
Notifying browser that CSS file changed: public/css/stylesheet.css
Notifying browser that CSS file changed: public/css/stylesheet.css
Notifying browser that CSS file changed: public/css/stylesheet.css
Notifying browser that CSS file changed: public/css/stylesheet.css
Notifying browser that CSS file changed: public/css/stylesheet.css
Notifying browser that CSS file changed: public/css/stylesheet.css
Notifying browser that CSS file changed: public/css/stylesheet.css
Notifying browser that CSS file changed: public/css/stylesheet.css
Notifying browser that CSS file changed: public/css/stylesheet.css
Notifying browser that CSS file changed: public/css/stylesheet.css
Notifying browser that CSS file changed: public/css/stylesheet.css
Notifying browser that CSS file changed: public/css/stylesheet.css
Notifying browser that CSS file changed: public/css/stylesheet.css
Notifying browser that CSS file changed: public/css/stylesheet.css
Notifying browser that CSS file changed: public/css/stylesheet.css
Notifying browser that CSS file changed: public/css/stylesheet.css
Notifying browser that CSS file changed: public/css/stylesheet.css
Notifying browser that CSS file changed: public/css/stylesheet.css
Notifying browser that CSS file changed: public/css/stylesheet.css
Notifying browser that CSS file changed: public/css/stylesheet.css
Notifying browser that CSS file changed: public/css/stylesheet.css
Notifying browser that CSS file changed: public/css/stylesheet.css
Notifying browser that CSS file changed: public/css/stylesheet.css
Notifying browser that CSS file changed: public/css/stylesheet.css
Notifying browser that CSS file changed: public/css/stylesheet.css
Notifying browser that CSS file changed: public/css/stylesheet.css
Notifying browser that CSS file changed: public/css/stylesheet.css
Notifying browser that CSS file changed: public/css/stylesheet.css
Notifying browser that CSS file changed: public/css/stylesheet.css
Notifying browser that CSS file changed: public/css/stylesheet.css
Compiling build :app to "public/js/app.js" from ["src/cljs" "env/dev/cljs"]...
[32mSuccessfully compiled build :app to "public/js/app.js" in 0.41 seconds.[0m
notifying browser that file changed:  public/js/out/foood/core.js
Compiling build :app to "public/js/app.js" from ["src/cljs" "env/dev/cljs"]...
[32mSuccessfully compiled build :app to "public/js/app.js" in 0.426 seconds.[0m
notifying browser that file changed:  public/js/out/foood/core.js
Compiling build :app to "public/js/app.js" from ["src/cljs" "env/dev/cljs"]...
[32mSuccessfully compiled build :app to "public/js/app.js" in 0.418 seconds.[0m
notifying browser that file changed:  public/js/out/foood/core.js
Compiling build :app to "public/js/app.js" from ["src/cljs" "env/dev/cljs"]...
[32mSuccessfully compiled build :app to "public/js/app.js" in 0.545 seconds.[0m
notifying browser that file changed:  public/js/out/goog/deps.js
notifying browser that file changed:  public/js/out/cljs_deps.js
notifying browser that file changed:  public/js/out/foood/core.js
Compiling build :app to "public/js/app.js" from ["src/cljs" "env/dev/cljs"]...
[32mSuccessfully compiled build :app to "public/js/app.js" in 0.398 seconds.[0m
notifying browser that file changed:  public/js/out/foood/core.js
Compiling build :app to "public/js/app.js" from ["src/cljs" "env/dev/cljs"]...
[32mSuccessfully compiled build :app to "public/js/app.js" in 0.347 seconds.[0m
notifying browser that file changed:  public/js/out/foood/core.js
Compiling build :app to "public/js/app.js" from ["src/cljs" "env/dev/cljs"]...
[32mSuccessfully compiled build :app to "public/js/app.js" in 0.396 seconds.[0m
notifying browser that file changed:  public/js/out/foood/core.js
Compiling build :app to "public/js/app.js" from ["src/cljs" "env/dev/cljs"]...
[32mSuccessfully compiled build :app to "public/js/app.js" in 0.345 seconds.[0m
notifying browser that file changed:  public/js/out/foood/core.js
Notifying browser that CSS file changed: public/css/stylesheet.css
Notifying browser that CSS file changed: public/css/stylesheet.css
Notifying browser that CSS file changed: public/css/stylesheet.css
Notifying browser that CSS file changed: public/css/stylesheet.css
Notifying browser that CSS file changed: public/css/stylesheet.css
Notifying browser that CSS file changed: public/css/stylesheet.css
Notifying browser that CSS file changed: public/css/stylesheet.css
Notifying browser that CSS file changed: public/css/stylesheet.css
Notifying browser that CSS file changed: public/css/stylesheet.css
Compiling build :app to "public/js/app.js" from ["src/cljs" "env/dev/cljs"]...
[32mSuccessfully compiled build :app to "public/js/app.js" in 0.341 seconds.[0m
notifying browser that file changed:  public/js/out/foood/core.js
Compiling build :app to "public/js/app.js" from ["src/cljs" "env/dev/cljs"]...
[32mSuccessfully compiled build :app to "public/js/app.js" in 0.359 seconds.[0m
notifying browser that file changed:  public/js/out/foood/core.js
Notifying browser that CSS file changed: public/css/stylesheet.css
Notifying browser that CSS file changed: public/css/stylesheet.css
Notifying browser that CSS file changed: public/css/stylesheet.css
Notifying browser that CSS file changed: public/css/stylesheet.css
Notifying browser that CSS file changed: public/css/stylesheet.css
Notifying browser that CSS file changed: public/css/stylesheet.css
Notifying browser that CSS file changed: public/css/stylesheet.css
Notifying browser that CSS file changed: public/css/stylesheet.css
Notifying browser that CSS file changed: public/css/stylesheet.css
Notifying browser that CSS file changed: public/css/stylesheet.css
Notifying browser that CSS file changed: public/css/stylesheet.css
Notifying browser that CSS file changed: public/css/stylesheet.css
Notifying browser that CSS file changed: public/css/stylesheet.css
Notifying browser that CSS file changed: public/css/stylesheet.css
Notifying browser that CSS file changed: public/css/stylesheet.css
Notifying browser that CSS file changed: public/css/stylesheet.css
Notifying browser that CSS file changed: public/css/stylesheet.css
Notifying browser that CSS file changed: public/css/stylesheet.css
Notifying browser that CSS file changed: public/css/stylesheet.css
Notifying browser that CSS file changed: public/css/stylesheet.css
Notifying browser that CSS file changed: public/css/stylesheet.css
Notifying browser that CSS file changed: public/css/stylesheet.css
Notifying browser that CSS file changed: public/css/stylesheet.css
Notifying browser that CSS file changed: public/css/stylesheet.css
Notifying browser that CSS file changed: public/css/stylesheet.css
Notifying browser that CSS file changed: public/css/stylesheet.css
Notifying browser that CSS file changed: public/css/stylesheet.css
Notifying browser that CSS file changed: public/css/stylesheet.css
Notifying browser that CSS file changed: public/css/stylesheet.css
Notifying browser that CSS file changed: public/css/stylesheet.css
Notifying browser that CSS file changed: public/css/stylesheet.css
Compiling build :app to "public/js/app.js" from ["src/cljs" "env/dev/cljs"]...
[32mSuccessfully compiled build :app to "public/js/app.js" in 0.369 seconds.[0m
notifying browser that file changed:  public/js/out/foood/core.js
Compiling build :app to "public/js/app.js" from ["src/cljs" "env/dev/cljs"]...
[32mSuccessfully compiled build :app to "public/js/app.js" in 0.334 seconds.[0m
notifying browser that file changed:  public/js/out/foood/core.js
Compiling build :app to "public/js/app.js" from ["src/cljs" "env/dev/cljs"]...
[32mSuccessfully compiled build :app to "public/js/app.js" in 0.352 seconds.[0m
notifying browser that file changed:  public/js/out/foood/core.js
Compiling build :app to "public/js/app.js" from ["src/cljs" "env/dev/cljs"]...
[32mSuccessfully compiled build :app to "public/js/app.js" in 0.338 seconds.[0m
notifying browser that file changed:  public/js/out/foood/core.js
Compiling build :app to "public/js/app.js" from ["src/cljs" "env/dev/cljs"]...
[32mSuccessfully compiled build :app to "public/js/app.js" in 0.341 seconds.[0m
notifying browser that file changed:  public/js/out/foood/core.js
Compiling build :app to "public/js/app.js" from ["src/cljs" "env/dev/cljs"]...
[32mSuccessfully compiled build :app to "public/js/app.js" in 0.348 seconds.[0m
notifying browser that file changed:  public/js/out/foood/core.js
Compiling build :app to "public/js/app.js" from ["src/cljs" "env/dev/cljs"]...
[32mSuccessfully compiled build :app to "public/js/app.js" in 0.335 seconds.[0m
notifying browser that file changed:  public/js/out/foood/core.js
Compiling build :app to "public/js/app.js" from ["src/cljs" "env/dev/cljs"]...
[32mSuccessfully compiled build :app to "public/js/app.js" in 0.351 seconds.[0m
notifying browser that file changed:  public/js/out/foood/core.js
Compiling build :app to "public/js/app.js" from ["src/cljs" "env/dev/cljs"]...
[36m----  Compiler Warning on   src/cljs/foood/core.cljs   line:37  column:14  ----[0m

  [1mWrong number of args (0) passed to cljs.core/atom[0m

  [36m33[0m  [36m   [:div#main-subtitle "An Alex Hutchinson Experience"][0m
  [36m34[0m  [36m   [:div#main-circle]])[0m
  [36m35[0m  [36m[0m
  [36m36[0m  [36m(defn home-page [][0m
  [33m37[0m  [1m  (let [food (atom)][0m
  [0m  [0m  [33m             ^--- Wrong number of args (0) passed to cljs.core/atom[0m
  [36m38[0m  [36m    [:div[0m
  [36m39[0m  [36m     [splash-logo][0m
  [36m40[0m  [36m     [generate-button (fn [] (println "button clicked"))]]))[0m
  [36m41[0m  [36m[0m
  [36m42[0m  [36m;; Initialize app[0m

[36m----  Compiler Warning : Please see src/cljs/foood/core.cljs  ----[0m
[32mSuccessfully compiled build :app to "public/js/app.js" in 0.372 seconds.[0m
notifying browser that file changed:  public/js/out/foood/core.js
Compiling build :app to "public/js/app.js" from ["src/cljs" "env/dev/cljs"]...
[32mSuccessfully compiled build :app to "public/js/app.js" in 0.335 seconds.[0m
notifying browser that file changed:  public/js/out/foood/core.js
Compiling build :app to "public/js/app.js" from ["src/cljs" "env/dev/cljs"]...
[32mSuccessfully compiled build :app to "public/js/app.js" in 0.342 seconds.[0m
notifying browser that file changed:  public/js/out/foood/core.js
Compiling build :app to "public/js/app.js" from ["src/cljs" "env/dev/cljs"]...
[32mSuccessfully compiled build :app to "public/js/app.js" in 0.341 seconds.[0m
notifying browser that file changed:  public/js/out/foood/core.js
Compiling build :app to "public/js/app.js" from ["src/cljs" "env/dev/cljs"]...
[36m----  Compiler Warning on   src/cljs/foood/core.cljs   line:40  column:31  ----[0m

  [1mUse of undeclared Var foood.core/reset[0m

  [36m36[0m  [36m(defn home-page [][0m
  [36m37[0m  [36m  (let [food (r/atom nil)][0m
  [36m38[0m  [36m    [:div[0m
  [36m39[0m  [36m     [splash-logo][0m
  [33m40[0m  [1m     [generate-button (fn [] (reset food (generate-food)))]]))[0m
  [0m  [0m  [33m                              ^--- Use of undeclared Var foood.core/reset[0m
  [36m41[0m  [36m[0m
  [36m42[0m  [36m;; Initialize app[0m
  [36m43[0m  [36m[0m
  [36m44[0m  [36m(defn mount-root [][0m
  [36m45[0m  [36m  (r/render [home-page] (.getElementById js/document "app")))[0m

[36m----  Compiler Warning : Please see src/cljs/foood/core.cljs  ----[0m
[32mSuccessfully compiled build :app to "public/js/app.js" in 0.358 seconds.[0m
notifying browser that file changed:  public/js/out/foood/core.js
Compiling build :app to "public/js/app.js" from ["src/cljs" "env/dev/cljs"]...
[36m----  Compiler Warning on   src/cljs/foood/core.cljs   line:40  column:31  ----[0m

  [1mUse of undeclared Var reagent.core/reset![0m

  [36m36[0m  [36m(defn home-page [][0m
  [36m37[0m  [36m  (let [food (r/atom nil)][0m
  [36m38[0m  [36m    [:div[0m
  [36m39[0m  [36m     [splash-logo][0m
  [33m40[0m  [1m     [generate-button (fn [] (r/reset! food (generate-food)))]]))[0m
  [0m  [0m  [33m                              ^--- Use of undeclared Var reagent.core/reset![0m
  [36m41[0m  [36m[0m
  [36m42[0m  [36m;; Initialize app[0m
  [36m43[0m  [36m[0m
  [36m44[0m  [36m(defn mount-root [][0m
  [36m45[0m  [36m  (r/render [home-page] (.getElementById js/document "app")))[0m

[36m----  Compiler Warning : Please see src/cljs/foood/core.cljs  ----[0m
[32mSuccessfully compiled build :app to "public/js/app.js" in 0.386 seconds.[0m
notifying browser that file changed:  public/js/out/foood/core.js
Compiling build :app to "public/js/app.js" from ["src/cljs" "env/dev/cljs"]...
[32mSuccessfully compiled build :app to "public/js/app.js" in 0.346 seconds.[0m
notifying browser that file changed:  public/js/out/foood/core.js
Compiling build :app to "public/js/app.js" from ["src/cljs" "env/dev/cljs"]...
[32mSuccessfully compiled build :app to "public/js/app.js" in 0.343 seconds.[0m
notifying browser that file changed:  public/js/out/foood/core.js
Compiling build :app to "public/js/app.js" from ["src/cljs" "env/dev/cljs"]...
[32mSuccessfully compiled build :app to "public/js/app.js" in 0.348 seconds.[0m
notifying browser that file changed:  public/js/out/foood/core.js
Compiling build :app to "public/js/app.js" from ["src/cljs" "env/dev/cljs"]...
[32mSuccessfully compiled build :app to "public/js/app.js" in 0.379 seconds.[0m
notifying browser that file changed:  public/js/out/foood/core.js
Compiling build :app to "public/js/app.js" from ["src/cljs" "env/dev/cljs"]...
[32mSuccessfully compiled build :app to "public/js/app.js" in 0.366 seconds.[0m
notifying browser that file changed:  public/js/out/foood/core.js
Compiling build :app to "public/js/app.js" from ["src/cljs" "env/dev/cljs"]...
[32mSuccessfully compiled build :app to "public/js/app.js" in 0.345 seconds.[0m
notifying browser that file changed:  public/js/out/foood/core.js
Compiling build :app to "public/js/app.js" from ["src/cljs" "env/dev/cljs"]...
[32mSuccessfully compiled build :app to "public/js/app.js" in 0.335 seconds.[0m
notifying browser that file changed:  public/js/out/foood/core.js
Compiling build :app to "public/js/app.js" from ["src/cljs" "env/dev/cljs"]...
[32mSuccessfully compiled build :app to "public/js/app.js" in 0.347 seconds.[0m
notifying browser that file changed:  public/js/out/foood/core.js
Compiling build :app to "public/js/app.js" from ["src/cljs" "env/dev/cljs"]...
[32mSuccessfully compiled build :app to "public/js/app.js" in 0.337 seconds.[0m
notifying browser that file changed:  public/js/out/foood/core.js
Compiling build :app to "public/js/app.js" from ["src/cljs" "env/dev/cljs"]...
[32mSuccessfully compiled build :app to "public/js/app.js" in 0.348 seconds.[0m
notifying browser that file changed:  public/js/out/foood/core.js
Compiling build :app to "public/js/app.js" from ["src/cljs" "env/dev/cljs"]...
[31mFailed to compile build :app from ["src/cljs" "env/dev/cljs"] in 0.234 seconds.[0m
[36m----  Could not Read  src/cljs/foood/core.cljs   line:40  column:27  ----[0m

  [1mNested #()s are not allowed[0m

  [36m38[0m  [36m    #([:div[0m
  [36m39[0m  [36m       [splash-logo][0m
  [33m40[0m  [1m       [generate-button #(reset! food "naw")][0m
  [0m  [0m  [33m                          ^--- Nested #()s are not allowed[0m
  [36m41[0m  [36m       [:div (str "fuck" @food)]])))[0m
  [36m42[0m  [36m[0m
  [36m43[0m  [36m;; Initialize app[0m

[36m----  Reader Error : Please see src/cljs/foood/core.cljs  ----[0m
Compiling build :app to "public/js/app.js" from ["src/cljs" "env/dev/cljs"]...
[32mSuccessfully compiled build :app to "public/js/app.js" in 0.342 seconds.[0m
notifying browser that file changed:  public/js/out/foood/core.js
Compiling build :app to "public/js/app.js" from ["src/cljs" "env/dev/cljs"]...
[32mSuccessfully compiled build :app to "public/js/app.js" in 0.368 seconds.[0m
notifying browser that file changed:  public/js/out/foood/core.js
Compiling build :app to "public/js/app.js" from ["src/cljs" "env/dev/cljs"]...
[32mSuccessfully compiled build :app to "public/js/app.js" in 0.343 seconds.[0m
notifying browser that file changed:  public/js/out/foood/core.js
Compiling build :app to "public/js/app.js" from ["src/cljs" "env/dev/cljs"]...
[32mSuccessfully compiled build :app to "public/js/app.js" in 0.344 seconds.[0m
notifying browser that file changed:  public/js/out/foood/core.js
Compiling build :app to "public/js/app.js" from ["src/cljs" "env/dev/cljs"]...
[32mSuccessfully compiled build :app to "public/js/app.js" in 0.346 seconds.[0m
notifying browser that file changed:  public/js/out/foood/core.js
Compiling build :app to "public/js/app.js" from ["src/cljs" "env/dev/cljs"]...
[32mSuccessfully compiled build :app to "public/js/app.js" in 0.333 seconds.[0m
notifying browser that file changed:  public/js/out/foood/core.js
Compiling build :app to "public/js/app.js" from ["src/cljs" "env/dev/cljs"]...
[32mSuccessfully compiled build :app to "public/js/app.js" in 0.345 seconds.[0m
notifying browser that file changed:  public/js/out/foood/core.js
Compiling build :app to "public/js/app.js" from ["src/cljs" "env/dev/cljs"]...
[36m----  Compiler Warning on   src/cljs/foood/core.cljs   line:42  column:13  ----[0m

  [1mUse of undeclared Var foood.core/not-nil?[0m

  [36m38[0m  [36m    (fn [][0m
  [36m39[0m  [36m      [:div[0m
  [36m40[0m  [36m       [splash-logo][0m
  [36m41[0m  [36m       [generate-button #(reset! food (generate-food))][0m
  [33m42[0m  [1m       (if (not-nil? @food) [:div (str food)] [:div "no food"])])))[0m
  [0m  [0m  [33m            ^--- Use of undeclared Var foood.core/not-nil?[0m
  [36m43[0m  [36m[0m
  [36m44[0m  [36m;; Initialize app[0m
  [36m45[0m  [36m[0m
  [36m46[0m  [36m(defn mount-root [][0m
  [36m47[0m  [36m  (r/render [home-page] (.getElementById js/document "app")))[0m

[36m----  Compiler Warning : Please see src/cljs/foood/core.cljs  ----[0m
[32mSuccessfully compiled build :app to "public/js/app.js" in 0.37 seconds.[0m
notifying browser that file changed:  public/js/out/foood/core.js
Compiling build :app to "public/js/app.js" from ["src/cljs" "env/dev/cljs"]...
[32mSuccessfully compiled build :app to "public/js/app.js" in 0.342 seconds.[0m
notifying browser that file changed:  public/js/out/foood/core.js
Compiling build :app to "public/js/app.js" from ["src/cljs" "env/dev/cljs"]...
[32mSuccessfully compiled build :app to "public/js/app.js" in 0.339 seconds.[0m
notifying browser that file changed:  public/js/out/foood/core.js
Compiling build :app to "public/js/app.js" from ["src/cljs" "env/dev/cljs"]...
[32mSuccessfully compiled build :app to "public/js/app.js" in 0.339 seconds.[0m
notifying browser that file changed:  public/js/out/foood/core.js
Compiling build :app to "public/js/app.js" from ["src/cljs" "env/dev/cljs"]...
[31mFailed to compile build :app from ["src/cljs" "env/dev/cljs"] in 0.12 seconds.[0m
[36m----  Could not Analyze  src/cljs/foood/core.cljs   line:1  column:1  ----[0m

  [1mnth not supported on this type: Symbol[0m

  [33m1[0m  [1m(ns foood.core[0m
  [0m [0m  [33m^--- nth not supported on this type: Symbol[0m
  [36m2[0m  [36m    (:use clojure.string)[0m
  [36m3[0m  [36m    (:require[0m
  [36m4[0m  [36m      [reagent.core :as r]))[0m

[36m----  Analysis Error : Please see src/cljs/foood/core.cljs  ----[0m
Compiling build :app to "public/js/app.js" from ["src/cljs" "env/dev/cljs"]...
[31mFailed to compile build :app from ["src/cljs" "env/dev/cljs"] in 0.198 seconds.[0m
[36m----  Could not Analyze  src/cljs/foood/core.cljs   line:24  column:1  ----[0m

  [1mUnsupported binding key: :adj[0m

  [36m22[0m  [36m(defn generate-food [] {:adj "this" :food "food"})[0m
  [36m23[0m  [36m[0m
  [33m24[0m  [1m(defn food->str [adj :adj food :food][0m
  [0m  [0m  [33m^--- Unsupported binding key: :adj[0m
  [36m25[0m  [36m  (str (capitalize adj) " " (capitalize food)))[0m
  [36m26[0m  [36m[0m
  [36m27[0m  [36m;; Components[0m

[36m----  Analysis Error : Please see src/cljs/foood/core.cljs  ----[0m
Compiling build :app to "public/js/app.js" from ["src/cljs" "env/dev/cljs"]...
[32mSuccessfully compiled build :app to "public/js/app.js" in 0.351 seconds.[0m
notifying browser that file changed:  public/js/out/cljs_deps.js
notifying browser that file changed:  public/js/out/foood/core.js
Compiling build :app to "public/js/app.js" from ["src/cljs" "env/dev/cljs"]...
[32mSuccessfully compiled build :app to "public/js/app.js" in 0.346 seconds.[0m
notifying browser that file changed:  public/js/out/foood/core.js
Compiling build :app to "public/js/app.js" from ["src/cljs" "env/dev/cljs"]...
[32mSuccessfully compiled build :app to "public/js/app.js" in 0.348 seconds.[0m
notifying browser that file changed:  public/js/out/foood/core.js
Compiling build :app to "public/js/app.js" from ["src/cljs" "env/dev/cljs"]...
[32mSuccessfully compiled build :app to "public/js/app.js" in 0.357 seconds.[0m
notifying browser that file changed:  public/js/out/foood/core.js
Compiling build :app to "public/js/app.js" from ["src/cljs" "env/dev/cljs"]...
[32mSuccessfully compiled build :app to "public/js/app.js" in 0.344 seconds.[0m
notifying browser that file changed:  public/js/out/foood/core.js
Compiling build :app to "public/js/app.js" from ["src/cljs" "env/dev/cljs"]...
[32mSuccessfully compiled build :app to "public/js/app.js" in 0.351 seconds.[0m
notifying browser that file changed:  public/js/out/foood/core.js
Compiling build :app to "public/js/app.js" from ["src/cljs" "env/dev/cljs"]...
[32mSuccessfully compiled build :app to "public/js/app.js" in 0.375 seconds.[0m
notifying browser that file changed:  public/js/out/foood/core.js
Compiling build :app to "public/js/app.js" from ["src/cljs" "env/dev/cljs"]...
[32mSuccessfully compiled build :app to "public/js/app.js" in 0.369 seconds.[0m
notifying browser that file changed:  public/js/out/foood/core.js
Compiling build :app to "public/js/app.js" from ["src/cljs" "env/dev/cljs"]...
[32mSuccessfully compiled build :app to "public/js/app.js" in 1.093 seconds.[0m
notifying browser that file changed:  public/js/out/goog/deps.js
notifying browser that file changed:  public/js/out/cljs_deps.js
notifying browser that file changed:  public/js/out/foood/core.js
Compiling build :app to "public/js/app.js" from ["src/cljs" "env/dev/cljs"]...
[32mSuccessfully compiled build :app to "public/js/app.js" in 0.711 seconds.[0m
notifying browser that file changed:  public/js/out/foood/core.js
Compiling build :app to "public/js/app.js" from ["src/cljs" "env/dev/cljs"]...
[32mSuccessfully compiled build :app to "public/js/app.js" in 0.575 seconds.[0m
notifying browser that file changed:  public/js/out/foood/core.js
Compiling build :app to "public/js/app.js" from ["src/cljs" "env/dev/cljs"]...
[32mSuccessfully compiled build :app to "public/js/app.js" in 0.556 seconds.[0m
notifying browser that file changed:  public/js/out/foood/core.js
Compiling build :app to "public/js/app.js" from ["src/cljs" "env/dev/cljs"]...
[32mSuccessfully compiled build :app to "public/js/app.js" in 1.347 seconds.[0m
notifying browser that file changed:  public/js/out/goog/deps.js
notifying browser that file changed:  public/js/out/cljs_deps.js
notifying browser that file changed:  public/js/out/foood/core.js
Compiling build :app to "public/js/app.js" from ["src/cljs" "env/dev/cljs"]...
Compiling build :app to "public/js/app.js" from ["src/cljs" "env/dev/cljs"]...
[32mSuccessfully compiled build :app to "public/js/app.js" in 0.866 seconds.[0m
notifying browser that file changed:  public/js/out/goog/deps.js
notifying browser that file changed:  public/js/out/cljs_deps.js
notifying browser that file changed:  public/js/out/foood/core.js
Notifying browser that CSS file changed: public/css/stylesheet.css
Notifying browser that CSS file changed: public/css/stylesheet.css
Notifying browser that CSS file changed: public/css/stylesheet.css
Compiling build :app to "public/js/app.js" from ["src/cljs" "env/dev/cljs"]...
[32mSuccessfully compiled build :app to "public/js/app.js" in 0.439 seconds.[0m
notifying browser that file changed:  public/js/out/foood/core.js
Compiling build :app to "public/js/app.js" from ["src/cljs" "env/dev/cljs"]...
[32mSuccessfully compiled build :app to "public/js/app.js" in 0.43 seconds.[0m
notifying browser that file changed:  public/js/out/foood/core.js
Compiling build :app to "public/js/app.js" from ["src/cljs" "env/dev/cljs"]...
[32mSuccessfully compiled build :app to "public/js/app.js" in 0.387 seconds.[0m
notifying browser that file changed:  public/js/out/foood/core.js
Compiling build :app to "public/js/app.js" from ["src/cljs" "env/dev/cljs"]...
[32mSuccessfully compiled build :app to "public/js/app.js" in 0.406 seconds.[0m
notifying browser that file changed:  public/js/out/foood/core.js
Compiling build :app to "public/js/app.js" from ["src/cljs" "env/dev/cljs"]...
[32mSuccessfully compiled build :app to "public/js/app.js" in 0.405 seconds.[0m
notifying browser that file changed:  public/js/out/foood/core.js
Compiling build :app to "public/js/app.js" from ["src/cljs" "env/dev/cljs"]...
[32mSuccessfully compiled build :app to "public/js/app.js" in 0.429 seconds.[0m
notifying browser that file changed:  public/js/out/foood/core.js
Compiling build :app to "public/js/app.js" from ["src/cljs" "env/dev/cljs"]...
[32mSuccessfully compiled build :app to "public/js/app.js" in 0.383 seconds.[0m
notifying browser that file changed:  public/js/out/foood/core.js
Compiling build :app to "public/js/app.js" from ["src/cljs" "env/dev/cljs"]...
[32mSuccessfully compiled build :app to "public/js/app.js" in 0.409 seconds.[0m
notifying browser that file changed:  public/js/out/foood/core.js
Notifying browser that CSS file changed: public/css/stylesheet.css
Notifying browser that CSS file changed: public/css/stylesheet.css
Notifying browser that CSS file changed: public/css/stylesheet.css
Notifying browser that CSS file changed: public/css/stylesheet.css
Notifying browser that CSS file changed: public/css/stylesheet.css
Notifying browser that CSS file changed: public/css/stylesheet.css
Notifying browser that CSS file changed: public/css/stylesheet.css
Notifying browser that CSS file changed: public/css/stylesheet.css
Notifying browser that CSS file changed: public/css/stylesheet.css
Notifying browser that CSS file changed: public/css/stylesheet.css
Notifying browser that CSS file changed: public/css/stylesheet.css
Notifying browser that CSS file changed: public/css/stylesheet.css
Notifying browser that CSS file changed: public/css/stylesheet.css
Notifying browser that CSS file changed: public/css/stylesheet.css
Notifying browser that CSS file changed: public/css/stylesheet.css
Notifying browser that CSS file changed: public/css/stylesheet.css
Notifying browser that CSS file changed: public/css/stylesheet.css
Notifying browser that CSS file changed: public/css/stylesheet.css
Notifying browser that CSS file changed: public/css/stylesheet.css
Notifying browser that CSS file changed: public/css/stylesheet.css
Notifying browser that CSS file changed: public/css/stylesheet.css
Notifying browser that CSS file changed: public/css/stylesheet.css
Notifying browser that CSS file changed: public/css/stylesheet.css
Notifying browser that CSS file changed: public/css/stylesheet.css
Notifying browser that CSS file changed: public/css/stylesheet.css
Notifying browser that CSS file changed: public/css/stylesheet.css
Notifying browser that CSS file changed: public/css/stylesheet.css
Notifying browser that CSS file changed: public/css/stylesheet.css
Notifying browser that CSS file changed: public/css/stylesheet.css
Notifying browser that CSS file changed: public/css/stylesheet.css
Notifying browser that CSS file changed: public/css/stylesheet.css
Notifying browser that CSS file changed: public/css/stylesheet.css
Notifying browser that CSS file changed: public/css/stylesheet.css
Notifying browser that CSS file changed: public/css/stylesheet.css
Notifying browser that CSS file changed: public/css/stylesheet.css
Notifying browser that CSS file changed: public/css/stylesheet.css
Notifying browser that CSS file changed: public/css/stylesheet.css
Notifying browser that CSS file changed: public/css/stylesheet.css
Notifying browser that CSS file changed: public/css/stylesheet.css
Notifying browser that CSS file changed: public/css/stylesheet.css
Notifying browser that CSS file changed: public/css/stylesheet.css
Notifying browser that CSS file changed: public/css/stylesheet.css
Notifying browser that CSS file changed: public/css/stylesheet.css
Notifying browser that CSS file changed: public/css/stylesheet.css
Notifying browser that CSS file changed: public/css/stylesheet.css
Notifying browser that CSS file changed: public/css/stylesheet.css
Notifying browser that CSS file changed: public/css/stylesheet.css
Notifying browser that CSS file changed: public/css/stylesheet.css
Notifying browser that CSS file changed: public/css/stylesheet.css
Notifying browser that CSS file changed: public/css/stylesheet.css
Notifying browser that CSS file changed: public/css/stylesheet.css
Notifying browser that CSS file changed: public/css/stylesheet.css
Notifying browser that CSS file changed: public/css/stylesheet.css
Notifying browser that CSS file changed: public/css/stylesheet.css
Notifying browser that CSS file changed: public/css/stylesheet.css
Notifying browser that CSS file changed: public/css/stylesheet.css
Notifying browser that CSS file changed: public/css/stylesheet.css
Notifying browser that CSS file changed: public/css/stylesheet.css
Notifying browser that CSS file changed: public/css/stylesheet.css
Notifying browser that CSS file changed: public/css/stylesheet.css
Notifying browser that CSS file changed: public/css/stylesheet.css
Notifying browser that CSS file changed: public/css/stylesheet.css
Notifying browser that CSS file changed: public/css/stylesheet.css
Notifying browser that CSS file changed: public/css/stylesheet.css
Notifying browser that CSS file changed: public/css/stylesheet.css
Notifying browser that CSS file changed: public/css/stylesheet.css
Notifying browser that CSS file changed: public/css/stylesheet.css
Notifying browser that CSS file changed: public/css/stylesheet.css
Notifying browser that CSS file changed: public/css/stylesheet.css
Notifying browser that CSS file changed: public/css/stylesheet.css
Notifying browser that CSS file changed: public/css/stylesheet.css
Notifying browser that CSS file changed: public/css/stylesheet.css
Notifying browser that CSS file changed: public/css/stylesheet.css
Notifying browser that CSS file changed: public/css/stylesheet.css
Notifying browser that CSS file changed: public/css/stylesheet.css
Notifying browser that CSS file changed: public/css/stylesheet.css
Notifying browser that CSS file changed: public/css/stylesheet.css
Notifying browser that CSS file changed: public/css/stylesheet.css
Notifying browser that CSS file changed: public/css/stylesheet.css
Notifying browser that CSS file changed: public/css/stylesheet.css
Notifying browser that CSS file changed: public/css/stylesheet.css
Notifying browser that CSS file changed: public/css/stylesheet.css
Notifying browser that CSS file changed: public/css/stylesheet.css
Notifying browser that CSS file changed: public/css/stylesheet.css
Notifying browser that CSS file changed: public/css/stylesheet.css
Notifying browser that CSS file changed: public/css/stylesheet.css
Notifying browser that CSS file changed: public/css/stylesheet.css
Notifying browser that CSS file changed: public/css/stylesheet.css
Notifying browser that CSS file changed: public/css/stylesheet.css
Notifying browser that CSS file changed: public/css/stylesheet.css
Notifying browser that CSS file changed: public/css/stylesheet.css
Notifying browser that CSS file changed: public/css/stylesheet.css
Notifying browser that CSS file changed: public/css/stylesheet.css
Notifying browser that CSS file changed: public/css/stylesheet.css
Notifying browser that CSS file changed: public/css/stylesheet.css
Notifying browser that CSS file changed: public/css/stylesheet.css
Notifying browser that CSS file changed: public/css/stylesheet.css
Notifying browser that CSS file changed: public/css/stylesheet.css
Notifying browser that CSS file changed: public/css/stylesheet.css
Notifying browser that CSS file changed: public/css/stylesheet.css
Notifying browser that CSS file changed: public/css/stylesheet.css
Notifying browser that CSS file changed: public/css/stylesheet.css
Notifying browser that CSS file changed: public/css/stylesheet.css
Notifying browser that CSS file changed: public/css/stylesheet.css
Notifying browser that CSS file changed: public/css/stylesheet.css
Notifying browser that CSS file changed: public/css/stylesheet.css
Notifying browser that CSS file changed: public/css/stylesheet.css
Notifying browser that CSS file changed: public/css/stylesheet.css
Notifying browser that CSS file changed: public/css/stylesheet.css
Notifying browser that CSS file changed: public/css/stylesheet.css
Notifying browser that CSS file changed: public/css/stylesheet.css
Notifying browser that CSS file changed: public/css/stylesheet.css
Notifying browser that CSS file changed: public/css/stylesheet.css
Compiling build :app to "public/js/app.js" from ["src/cljs" "env/dev/cljs"]...
[32mSuccessfully compiled build :app to "public/js/app.js" in 0.404 seconds.[0m
notifying browser that file changed:  public/js/out/foood/core.js
Notifying browser that CSS file changed: public/css/stylesheet.css
Notifying browser that CSS file changed: public/css/stylesheet.css
Notifying browser that CSS file changed: public/css/stylesheet.css
Notifying browser that CSS file changed: public/css/stylesheet.css
Notifying browser that CSS file changed: public/css/stylesheet.css
Compiling build :app to "public/js/app.js" from ["src/cljs" "env/dev/cljs"]...
[32mSuccessfully compiled build :app to "public/js/app.js" in 0.419 seconds.[0m
notifying browser that file changed:  public/js/out/foood/core.js
Compiling build :app to "public/js/app.js" from ["src/cljs" "env/dev/cljs"]...
[31mFailed to compile build :app from ["src/cljs" "env/dev/cljs"] in 0.313 seconds.[0m
[36m----  Could not Analyze  src/cljs/foood/core.cljs  ----[0m

  [1mNo such namespace: clsjs.anime, could not locate clsjs/anime.cljs, clsjs/anime.cljc, or JavaScript source providing "clsjs.anime" [0m

[36m----  Analysis Error : Please see src/cljs/foood/core.cljs  ----[0m
Compiling build :app to "public/js/app.js" from ["src/cljs" "env/dev/cljs"]...
[31mFailed to compile build :app from ["src/cljs" "env/dev/cljs"] in 0.274 seconds.[0m
[36m----  Could not Analyze  src/cljs/foood/core.cljs  ----[0m

  [1mNo such namespace: clsjs.anime, could not locate clsjs/anime.cljs, clsjs/anime.cljc, or JavaScript source providing "clsjs.anime" [0m

[36m----  Analysis Error : Please see src/cljs/foood/core.cljs  ----[0m
Compiling build :app to "public/js/app.js" from ["src/cljs" "env/dev/cljs"]...
[31mFailed to compile build :app from ["src/cljs" "env/dev/cljs"] in 0.304 seconds.[0m
[36m----  Could not Analyze  src/cljs/foood/core.cljs  ----[0m

  [1mNo such namespace: clsjs.anime, could not locate clsjs/anime.cljs, clsjs/anime.cljc, or JavaScript source providing "clsjs.anime" [0m

[36m----  Analysis Error : Please see src/cljs/foood/core.cljs  ----[0m
Compiling build :app to "public/js/app.js" from ["src/cljs" "env/dev/cljs"]...
Notifying browser that CSS file changed: public/css/stylesheet.css
Compiling build :app to "public/js/app.js" from ["src/cljs" "env/dev/cljs"]...
[32mSuccessfully compiled build :app to "public/js/app.js" in 0.797 seconds.[0m
notifying browser that file changed:  public/js/out/goog/deps.js
notifying browser that file changed:  public/js/out/cljs_deps.js
notifying browser that file changed:  public/js/out/foood/core.js
Compiling build :app to "public/js/app.js" from ["src/cljs" "env/dev/cljs"]...
[32mSuccessfully compiled build :app to "public/js/app.js" in 0.474 seconds.[0m
notifying browser that file changed:  public/js/out/foood/core.js
Compiling build :app to "public/js/app.js" from ["src/cljs" "env/dev/cljs"]...
[32mSuccessfully compiled build :app to "public/js/app.js" in 0.462 seconds.[0m
notifying browser that file changed:  public/js/out/foood/core.js
Compiling build :app to "public/js/app.js" from ["src/cljs" "env/dev/cljs"]...
[32mSuccessfully compiled build :app to "public/js/app.js" in 0.431 seconds.[0m
notifying browser that file changed:  public/js/out/foood/core.js
Compiling build :app to "public/js/app.js" from ["src/cljs" "env/dev/cljs"]...
[32mSuccessfully compiled build :app to "public/js/app.js" in 0.409 seconds.[0m
notifying browser that file changed:  public/js/out/foood/core.js
Compiling build :app to "public/js/app.js" from ["src/cljs" "env/dev/cljs"]...
[32mSuccessfully compiled build :app to "public/js/app.js" in 0.398 seconds.[0m
notifying browser that file changed:  public/js/out/foood/core.js
Compiling build :app to "public/js/app.js" from ["src/cljs" "env/dev/cljs"]...
[31mFailed to compile build :app from ["src/cljs" "env/dev/cljs"] in 0.288 seconds.[0m
[36m----  Could not Read  src/cljs/foood/core.cljs   line:59 ----[0m

  [1m/home/tkaden/code/foood.tkaden.net/src/cljs/foood/core.cljs [line 59, col 84] The map literal starting with :targets on line 59 column 21 contains 7 form(s). Map literals must contain an even number of forms.[0m

  [36m57[0m  [36m(defn init! [][0m
  [36m58[0m  [36m  (mount-root)[0m
  [33m59[0m  [1m  (anime/anime (#js {:targets "#splash" :loop :translateY "20" :easing "easeInOut"})))[0m
  [0m  [0m  [33m  /home/tkaden/code/foood.tkaden.net/src/cljs/foood/core.cljs [line 59, col 84] The map literal starting with :targets on line 59 column 21 contains 7 form(s). Map literals must contain an even number of forms.[0m

[36m----  Reader Error : Please see src/cljs/foood/core.cljs  ----[0m
Compiling build :app to "public/js/app.js" from ["src/cljs" "env/dev/cljs"]...
[32mSuccessfully compiled build :app to "public/js/app.js" in 0.384 seconds.[0m
notifying browser that file changed:  public/js/out/foood/core.js
Compiling build :app to "public/js/app.js" from ["src/cljs" "env/dev/cljs"]...
[32mSuccessfully compiled build :app to "public/js/app.js" in 0.404 seconds.[0m
notifying browser that file changed:  public/js/out/foood/core.js
Compiling build :app to "public/js/app.js" from ["src/cljs" "env/dev/cljs"]...
[32mSuccessfully compiled build :app to "public/js/app.js" in 0.872 seconds.[0m
notifying browser that file changed:  public/js/out/goog/deps.js
notifying browser that file changed:  public/js/out/cljs_deps.js
notifying browser that file changed:  public/js/out/foood/core.js
Compiling build :app to "public/js/app.js" from ["src/cljs" "env/dev/cljs"]...
[32mSuccessfully compiled build :app to "public/js/app.js" in 0.402 seconds.[0m
notifying browser that file changed:  public/js/out/foood/core.js
Compiling build :app to "public/js/app.js" from ["src/cljs" "env/dev/cljs"]...
[32mSuccessfully compiled build :app to "public/js/app.js" in 0.456 seconds.[0m
notifying browser that file changed:  public/js/out/foood/core.js
Compiling build :app to "public/js/app.js" from ["src/cljs" "env/dev/cljs"]...
[32mSuccessfully compiled build :app to "public/js/app.js" in 0.432 seconds.[0m
notifying browser that file changed:  public/js/out/foood/core.js
Compiling build :app to "public/js/app.js" from ["src/cljs" "env/dev/cljs"]...
[31mFailed to compile build :app from ["src/cljs" "env/dev/cljs"] in 0.276 seconds.[0m
[36m----  Could not Analyze  src/cljs/foood/core.cljs  ----[0m

  [1mInvalid :refer, var cljsjs.anime/anime does not exist [0m

[36m----  Analysis Error : Please see src/cljs/foood/core.cljs  ----[0m
Compiling build :app to "public/js/app.js" from ["src/cljs" "env/dev/cljs"]...
[31mFailed to compile build :app from ["src/cljs" "env/dev/cljs"] in 0.288 seconds.[0m
[36m----  Could not Analyze  src/cljs/foood/core.cljs  ----[0m

  [1mInvalid :refer, var cljsjs.anime/anime does not exist [0m

[36m----  Analysis Error : Please see src/cljs/foood/core.cljs  ----[0m
Compiling build :app to "public/js/app.js" from ["src/cljs" "env/dev/cljs"]...
[31mFailed to compile build :app from ["src/cljs" "env/dev/cljs"] in 0.289 seconds.[0m
[36m----  Could not Analyze  src/cljs/foood/core.cljs  ----[0m

  [1mInvalid :refer, var cljsjs.anime/anime does not exist [0m

[36m----  Analysis Error : Please see src/cljs/foood/core.cljs  ----[0m
Compiling build :app to "public/js/app.js" from ["src/cljs" "env/dev/cljs"]...
[31mFailed to compile build :app from ["src/cljs" "env/dev/cljs"] in 0.324 seconds.[0m
[36m----  Could not Analyze  src/cljs/foood/core.cljs  ----[0m

  [1mInvalid :refer, var cljsjs.anime/anime does not exist [0m

[36m----  Analysis Error : Please see src/cljs/foood/core.cljs  ----[0m
Compiling build :app to "public/js/app.js" from ["src/cljs" "env/dev/cljs"]...
[31mFailed to compile build :app from ["src/cljs" "env/dev/cljs"] in 0.296 seconds.[0m
[36m----  Could not Analyze  src/cljs/foood/core.cljs  ----[0m

  [1mInvalid :refer, var cljsjs.anime/anime does not exist [0m

[36m----  Analysis Error : Please see src/cljs/foood/core.cljs  ----[0m
Compiling build :app to "public/js/app.js" from ["src/cljs" "env/dev/cljs"]...
[31mFailed to compile build :app from ["src/cljs" "env/dev/cljs"] in 0.153 seconds.[0m
[36m----  Could not Read  src/cljs/foood/core.cljs   line:66 ----[0m

  [1m/home/tkaden/code/foood.tkaden.net/src/cljs/foood/core.cljs [line 66, col 1] Unexpected EOF while reading item 13 of list, starting at line 1 and column 1.[0m

[36m----  Reader Error : Please see src/cljs/foood/core.cljs  ----[0m
Compiling build :app to "public/js/app.js" from ["src/cljs" "env/dev/cljs"]...
[36m----  Compiler Warning on   src/cljs/foood/core.cljs   line:59  column:4  ----[0m

  [1mUse of undeclared Var foood.core/anime[0m

  [36m55[0m  [36m  (r/render [home-page] (.getElementById js/document "app")))[0m
  [36m56[0m  [36m[0m
  [36m57[0m  [36m(defn init! [][0m
  [36m58[0m  [36m  (mount-root)[0m
  [33m59[0m  [1m  (anime (#js {:targets ".food-result"[0m
  [0m  [0m  [33m   ^--- Use of undeclared Var foood.core/anime[0m
  [36m60[0m  [36m                     :direction "alternate"[0m
  [36m61[0m  [36m                     :loop true[0m
  [36m62[0m  [36m                     :translateY "200"[0m
  [36m63[0m  [36m                     :easing "easeInOutSine"}))[0m
  [36m64[0m  [36m  )[0m

[36m----  Compiler Warning : Please see src/cljs/foood/core.cljs  ----[0m
[32mSuccessfully compiled build :app to "public/js/app.js" in 3.832 seconds.[0m
notifying browser that file changed:  public/js/out/goog/deps.js
notifying browser that file changed:  public/js/out/cljs_deps.js
notifying browser that file changed:  public/js/out/foood/core.js
Compiling build :app to "public/js/app.js" from ["src/cljs" "env/dev/cljs"]...
[36m----  Compiler Warning on   src/cljs/foood/core.cljs   line:59  column:4  ----[0m

  [1mUse of undeclared Var foood.core/anime[0m

  [36m55[0m  [36m  (r/render [home-page] (.getElementById js/document "app")))[0m
  [36m56[0m  [36m[0m
  [36m57[0m  [36m(defn init! [][0m
  [36m58[0m  [36m  (mount-root)[0m
  [33m59[0m  [1m  (anime (#js {:targets ".food-result"[0m
  [0m  [0m  [33m   ^--- Use of undeclared Var foood.core/anime[0m
  [36m60[0m  [36m                     :direction "alternate"[0m
  [36m61[0m  [36m                     :loop true[0m
  [36m62[0m  [36m                     :translateY "200"[0m
  [36m63[0m  [36m                     :easing "easeInOutSine"}))[0m
  [36m64[0m  [36m  )[0m

[36m----  Compiler Warning : Please see src/cljs/foood/core.cljs  ----[0m
[32mSuccessfully compiled build :app to "public/js/app.js" in 0.46 seconds.[0m
notifying browser that file changed:  public/js/out/cljs_deps.js
notifying browser that file changed:  public/js/out/foood/core.js
Compiling build :app to "public/js/app.js" from ["src/cljs" "env/dev/cljs"]...
[31mFailed to compile build :app from ["src/cljs" "env/dev/cljs"] in 0.162 seconds.[0m
[36m----  Could not Analyze  src/cljs/foood/core.cljs   line:1  column:1  ----[0m

  [1mOnly one :require form is allowed per namespace definition at line 1 src/cljs/foood/core.cljs[0m

  [33m1[0m  [1m(ns foood.core[0m
  [0m [0m  [33m^--- Only one :require form is allowed per namespace definition at line 1 src/cljs/foood/core.cljs[0m
  [36m2[0m  [36m    (:use [clojure.string :only [capitalize]])[0m
  [36m3[0m  [36m    (:require [reagent.core :as r])[0m
  [36m4[0m  [36m    (:require [cljsjs.anime :refer [anime]]))[0m

[36m----  Analysis Error : Please see src/cljs/foood/core.cljs  ----[0m
Compiling build :app to "public/js/app.js" from ["src/cljs" "env/dev/cljs"]...
[31mFailed to compile build :app from ["src/cljs" "env/dev/cljs"] in 0.132 seconds.[0m
[36m----  Could not Analyze  src/cljs/foood/core.cljs   line:1  column:1  ----[0m

  [1mOnly one :require form is allowed per namespace definition at line 1 src/cljs/foood/core.cljs[0m

  [33m1[0m  [1m(ns foood.core[0m
  [0m [0m  [33m^--- Only one :require form is allowed per namespace definition at line 1 src/cljs/foood/core.cljs[0m
  [36m2[0m  [36m    (:use [clojure.string :only [capitalize]])[0m
  [36m3[0m  [36m    (:require [reagent.core :as r])[0m
  [36m4[0m  [36m    (:require [cljsjs.anime :as anime]))[0m

[36m----  Analysis Error : Please see src/cljs/foood/core.cljs  ----[0m
Compiling build :app to "public/js/app.js" from ["src/cljs" "env/dev/cljs"]...
[31mFailed to compile build :app from ["src/cljs" "env/dev/cljs"] in 0.154 seconds.[0m
[36m----  Could not Analyze  src/cljs/foood/core.cljs   line:1  column:1  ----[0m

  [1mOnly one :use form is allowed per namespace definition at line 1 src/cljs/foood/core.cljs[0m

  [33m1[0m  [1m(ns foood.core[0m
  [0m [0m  [33m^--- Only one :use form is allowed per namespace definition at line 1 src/cljs/foood/core.cljs[0m
  [36m2[0m  [36m    (:use [clojure.string :only [capitalize]])[0m
  [36m3[0m  [36m    (:require [reagent.core :as r])[0m
  [36m4[0m  [36m    (:use [cljsjs.anime :as anime]))[0m

[36m----  Analysis Error : Please see src/cljs/foood/core.cljs  ----[0m
Compiling build :app to "public/js/app.js" from ["src/cljs" "env/dev/cljs"]...
[31mFailed to compile build :app from ["src/cljs" "env/dev/cljs"] in 0.135 seconds.[0m
[36m----  Could not Analyze  src/cljs/foood/core.cljs   line:1  column:1  ----[0m

  [1mOnly :as, :refer and :rename options supported in :require / :require-macros; offending spec: [cljsjs.anime :only [anime]] at line 1 src/cljs/foood/core.cljs[0m

  [33m1[0m  [1m(ns foood.core[0m
  [0m [0m  [33m^--- Only :as, :refer and :rename options supported in :require / :require-macros; offending spec: [cljsjs.anime :only [anime]] at line 1 src/cljs/foood/core.cljs[0m
  [36m2[0m  [36m    (:use [clojure.string :only [capitalize]])[0m
  [36m3[0m  [36m    (:require [reagent.core :as r] [cljsjs.anime :only [anime]]))[0m

[36m----  Analysis Error : Please see src/cljs/foood/core.cljs  ----[0m
Compiling build :app to "public/js/app.js" from ["src/cljs" "env/dev/cljs"]...
[31mFailed to compile build :app from ["src/cljs" "env/dev/cljs"] in 0.148 seconds.[0m
[36m----  Could not Analyze  src/cljs/foood/core.cljs   line:1  column:1  ----[0m

  [1mOnly :as, :refer and :rename options supported in :require / :require-macros; offending spec: [cljsjs.anime :only [anime]] at line 1 src/cljs/foood/core.cljs[0m

  [33m1[0m  [1m(ns foood.core[0m
  [0m [0m  [33m^--- Only :as, :refer and :rename options supported in :require / :require-macros; offending spec: [cljsjs.anime :only [anime]] at line 1 src/cljs/foood/core.cljs[0m
  [36m2[0m  [36m    (:use [clojure.string :only [capitalize]])[0m
  [36m3[0m  [36m    (:require [reagent.core :as r] [cljsjs.anime :only [anime]]))[0m

[36m----  Analysis Error : Please see src/cljs/foood/core.cljs  ----[0m
Compiling build :app to "public/js/app.js" from ["src/cljs" "env/dev/cljs"]...
[31mFailed to compile build :app from ["src/cljs" "env/dev/cljs"] in 0.372 seconds.[0m
[36m----  Could not Analyze  src/cljs/foood/core.cljs  ----[0m

  [1mInvalid :refer, var cljsjs.anime/anime does not exist [0m

[36m----  Analysis Error : Please see src/cljs/foood/core.cljs  ----[0m
Compiling build :app to "public/js/app.js" from ["src/cljs" "env/dev/cljs"]...
[31mFailed to compile build :app from ["src/cljs" "env/dev/cljs"] in 0.288 seconds.[0m
[36m----  Could not Analyze  src/cljs/foood/core.cljs  ----[0m

  [1mInvalid :refer, var cljsjs.anime/anime does not exist [0m

[36m----  Analysis Error : Please see src/cljs/foood/core.cljs  ----[0m
Compiling build :app to "public/js/app.js" from ["src/cljs" "env/dev/cljs"]...
[36m----  Compiler Warning on   src/cljs/foood/core.cljs   line:57  column:4  ----[0m

  [1mUse of undeclared Var foood.core/anime[0m

  [36m53[0m  [36m  (r/render [home-page] (.getElementById js/document "app")))[0m
  [36m54[0m  [36m[0m
  [36m55[0m  [36m(defn init! [][0m
  [36m56[0m  [36m  (mount-root)[0m
  [33m57[0m  [1m  (anime (#js {:targets ".food-result"[0m
  [0m  [0m  [33m   ^--- Use of undeclared Var foood.core/anime[0m
  [36m58[0m  [36m                     :direction "alternate"[0m
  [36m59[0m  [36m                     :loop true[0m
  [36m60[0m  [36m                     :translateY "200"[0m
  [36m61[0m  [36m                     :easing "easeInOutSine"}))[0m
  [36m62[0m  [36m  )[0m

[36m----  Compiler Warning : Please see src/cljs/foood/core.cljs  ----[0m
[32mSuccessfully compiled build :app to "public/js/app.js" in 0.868 seconds.[0m
notifying browser that file changed:  public/js/out/goog/deps.js
notifying browser that file changed:  public/js/out/cljs_deps.js
notifying browser that file changed:  public/js/out/foood/core.js
Compiling build :app to "public/js/app.js" from ["src/cljs" "env/dev/cljs"]...
[36m----  Compiler Warning on   src/cljs/foood/core.cljs   line:57  column:4  ----[0m

  [1mUse of undeclared Var foood.core/anime[0m

  [36m53[0m  [36m  (r/render [home-page] (.getElementById js/document "app")))[0m
  [36m54[0m  [36m[0m
  [36m55[0m  [36m(defn init! [][0m
  [36m56[0m  [36m  (mount-root)[0m
  [33m57[0m  [1m  (anime (#js {:targets ".food-result"[0m
  [0m  [0m  [33m   ^--- Use of undeclared Var foood.core/anime[0m
  [36m58[0m  [36m                     :direction "alternate"[0m
  [36m59[0m  [36m                     :loop true[0m
  [36m60[0m  [36m                     :translateY "200"[0m
  [36m61[0m  [36m                     :easing "easeInOutSine"}))[0m
  [36m62[0m  [36m  )[0m

[36m----  Compiler Warning : Please see src/cljs/foood/core.cljs  ----[0m
[32mSuccessfully compiled build :app to "public/js/app.js" in 0.463 seconds.[0m
notifying browser that file changed:  public/js/out/foood/core.js
Compiling build :app to "public/js/app.js" from ["src/cljs" "env/dev/cljs"]...
[32mSuccessfully compiled build :app to "public/js/app.js" in 0.472 seconds.[0m
notifying browser that file changed:  public/js/out/foood/core.js
Compiling build :app to "public/js/app.js" from ["src/cljs" "env/dev/cljs"]...
[32mSuccessfully compiled build :app to "public/js/app.js" in 0.416 seconds.[0m
notifying browser that file changed:  public/js/out/foood/core.js
Compiling build :app to "public/js/app.js" from ["src/cljs" "env/dev/cljs"]...
[32mSuccessfully compiled build :app to "public/js/app.js" in 0.434 seconds.[0m
notifying browser that file changed:  public/js/out/foood/core.js
Compiling build :app to "public/js/app.js" from ["src/cljs" "env/dev/cljs"]...
[32mSuccessfully compiled build :app to "public/js/app.js" in 0.424 seconds.[0m
notifying browser that file changed:  public/js/out/foood/core.js
Compiling build :app to "public/js/app.js" from ["src/cljs" "env/dev/cljs"]...
[32mSuccessfully compiled build :app to "public/js/app.js" in 0.401 seconds.[0m
notifying browser that file changed:  public/js/out/foood/core.js
Compiling build :app to "public/js/app.js" from ["src/cljs" "env/dev/cljs"]...
[32mSuccessfully compiled build :app to "public/js/app.js" in 0.456 seconds.[0m
notifying browser that file changed:  public/js/out/foood/core.js
Compiling build :app to "public/js/app.js" from ["src/cljs" "env/dev/cljs"]...
[32mSuccessfully compiled build :app to "public/js/app.js" in 0.44 seconds.[0m
notifying browser that file changed:  public/js/out/foood/core.js
Compiling build :app to "public/js/app.js" from ["src/cljs" "env/dev/cljs"]...
[32mSuccessfully compiled build :app to "public/js/app.js" in 0.417 seconds.[0m
notifying browser that file changed:  public/js/out/foood/core.js
Compiling build :app to "public/js/app.js" from ["src/cljs" "env/dev/cljs"]...
[32mSuccessfully compiled build :app to "public/js/app.js" in 0.407 seconds.[0m
notifying browser that file changed:  public/js/out/foood/core.js
Compiling build :app to "public/js/app.js" from ["src/cljs" "env/dev/cljs"]...
[32mSuccessfully compiled build :app to "public/js/app.js" in 0.397 seconds.[0m
notifying browser that file changed:  public/js/out/foood/core.js
Compiling build :app to "public/js/app.js" from ["src/cljs" "env/dev/cljs"]...
[32mSuccessfully compiled build :app to "public/js/app.js" in 0.397 seconds.[0m
notifying browser that file changed:  public/js/out/foood/core.js
Notifying browser that CSS file changed: public/css/stylesheet.css
Notifying browser that CSS file changed: public/css/stylesheet.css
Notifying browser that CSS file changed: public/css/stylesheet.css
Notifying browser that CSS file changed: public/css/stylesheet.css
Notifying browser that CSS file changed: public/css/stylesheet.css
Notifying browser that CSS file changed: public/css/stylesheet.css
Notifying browser that CSS file changed: public/css/stylesheet.css
Notifying browser that CSS file changed: public/css/stylesheet.css
Notifying browser that CSS file changed: public/css/stylesheet.css
Notifying browser that CSS file changed: public/css/stylesheet.css
Notifying browser that CSS file changed: public/css/stylesheet.css
Notifying browser that CSS file changed: public/css/stylesheet.css
Compiling build :app to "public/js/app.js" from ["src/cljs" "env/dev/cljs"]...
[32mSuccessfully compiled build :app to "public/js/app.js" in 0.91 seconds.[0m
notifying browser that file changed:  public/js/out/goog/deps.js
notifying browser that file changed:  public/js/out/cljs_deps.js
notifying browser that file changed:  public/js/out/foood/core.js
Compiling build :app to "public/js/app.js" from ["src/cljs" "env/dev/cljs"]...
[32mSuccessfully compiled build :app to "public/js/app.js" in 0.463 seconds.[0m
notifying browser that file changed:  public/js/out/foood/core.js
Compiling build :app to "public/js/app.js" from ["src/cljs" "env/dev/cljs"]...
[32mSuccessfully compiled build :app to "public/js/app.js" in 0.428 seconds.[0m
notifying browser that file changed:  public/js/out/foood/core.js
Notifying browser that CSS file changed: public/css/stylesheet.css
Notifying browser that CSS file changed: public/css/stylesheet.css
Notifying browser that CSS file changed: public/css/stylesheet.css
Notifying browser that CSS file changed: public/css/stylesheet.css
Notifying browser that CSS file changed: public/css/stylesheet.css
Compiling build :app to "public/js/app.js" from ["src/cljs" "env/dev/cljs"]...
[32mSuccessfully compiled build :app to "public/js/app.js" in 0.435 seconds.[0m
notifying browser that file changed:  public/js/out/foood/core.js
